<?xml version="1.0" encoding="UTF-8"?>
<testng-results ignored="0" total="1" passed="1" failed="0" skipped="0">
  <reporter-output>
  </reporter-output>
  <suite started-at="2023-02-21T09:57:31 IST" name="Default suite" finished-at="2023-02-21T09:57:52 IST" duration-ms="21056">
    <groups>
    </groups>
    <test started-at="2023-02-21T09:57:31 IST" name="Default test" finished-at="2023-02-21T09:57:52 IST" duration-ms="21056">
      <class name="com.Actitime.testscript.Assert3">
        <test-method signature="demoassertion()[pri:0, instance:com.Actitime.testscript.Assert3@72a7c7e0]" started-at="2023-02-21T09:57:31 IST" name="demoassertion" finished-at="2023-02-21T09:57:52 IST" duration-ms="21023" status="PASS">
          <reporter-output>
          </reporter-output>
        </test-method> <!-- demoassertion -->
      </class> <!-- com.Actitime.testscript.Assert3 -->
    </test> <!-- Default test -->
  </suite> <!-- Default suite -->
</testng-results>
